# JRE version: OpenJDK Runtime Environment Microsoft-13106404 (21.0.10+7) (build 21.0.10+7-LTS)
# Java VM: OpenJDK 64-Bit Server VM Microsoft-13106404 (21.0.10+7-LTS, mixed mode, sharing, tiered, compressed oops, compressed class ptrs, g1 gc, windows-amd64)
GC Precious Log:
 CardTable entry size: 512
 Card Set container configuration: InlinePtr #cards 4 size 8 Array Of Cards #cards 16 size 48 Howl #buckets 8 coarsen threshold 3686 Howl Bitmap #cards 512 size 80 coarsen threshold 460 Card regions per heap region 1 cards per card region 4096
 CPUs: 4 total, 4 available
 Memory: 16264M
 Large Page Support: Disabled
 NUMA Support: Disabled
 Compressed Oops: Enabled (Zero based)
 Heap Region Size: 2M
 Heap Min Capacity: 8M
 Heap Initial Capacity: 256M
 Heap Max Capacity: 4068M
 Pre-touch: Disabled
 Parallel Workers: 4
 Concurrent Workers: 1
 Concurrent Refinement Workers: 4
 Periodic GC: Disabled
Heap:
 garbage-first heap   total 96256K, used 71709K [0x0000000701c00000, 0x0000000800000000)
  region size 2048K, 26 young (53248K), 2 survivors (4096K)
 Metaspace       used 61012K, committed 61504K, reserved 1114112K
  class space    used 8173K, committed 8384K, reserved 1048576K
GC Heap History (20 events):
Event: 4.673 GC heap before
{Heap before GC invocations=3 (full 0):
 garbage-first heap   total 262144K, used 68426K [0x0000000701c00000, 0x0000000800000000)
  region size 2048K, 33 young (67584K), 2 survivors (4096K)
 Metaspace       used 21194K, committed 21504K, reserved 1114112K
  class space    used 2647K, committed 2816K, reserved 1048576K
}
Event: 4.685 GC heap after
{Heap after GC invocations=4 (full 0):
 garbage-first heap   total 262144K, used 14118K [0x0000000701c00000, 0x0000000800000000)
  region size 2048K, 4 young (8192K), 4 survivors (8192K)
 Metaspace       used 21194K, committed 21504K, reserved 1114112K
  class space    used 2647K, committed 2816K, reserved 1048576K
}
Event: 5.468 GC heap before
{Heap before GC invocations=5 (full 0):
 garbage-first heap   total 49152K, used 34598K [0x0000000701c00000, 0x0000000800000000)
  region size 2048K, 14 young (28672K), 4 survivors (8192K)
 Metaspace       used 23150K, committed 23488K, reserved 1114112K
  class space    used 2894K, committed 3072K, reserved 1048576K
}
Event: 5.480 GC heap after
{Heap after GC invocations=6 (full 0):
 garbage-first heap   total 49152K, used 16046K [0x0000000701c00000, 0x0000000800000000)
  region size 2048K, 2 young (4096K), 2 survivors (4096K)
 Metaspace       used 23150K, committed 23488K, reserved 1114112K
  class space    used 2894K, committed 3072K, reserved 1048576K
}
Event: 6.316 GC heap before
{Heap before GC invocations=6 (full 0):
 garbage-first heap   total 49152K, used 34478K [0x0000000701c00000, 0x0000000800000000)
  region size 2048K, 11 young (22528K), 2 survivors (4096K)
 Metaspace       used 25504K, committed 25856K, reserved 1114112K
  class space    used 3177K, committed 3328K, reserved 1048576K
}
Event: 6.323 GC heap after
{Heap after GC invocations=7 (full 0):
 garbage-first heap   total 49152K, used 17559K [0x0000000701c00000, 0x0000000800000000)
  region size 2048K, 1 young (2048K), 1 survivors (2048K)
 Metaspace       used 25504K, committed 25856K, reserved 1114112K
  class space    used 3177K, committed 3328K, reserved 1048576K
}
Event: 7.521 GC heap before
{Heap before GC invocations=7 (full 0):
 garbage-first heap   total 49152K, used 38039K [0x0000000701c00000, 0x0000000800000000)
  region size 2048K, 11 young (22528K), 1 survivors (2048K)
 Metaspace       used 28352K, committed 28800K, reserved 1114112K
  class space    used 3580K, committed 3776K, reserved 1048576K
}
Event: 7.527 GC heap after
{Heap after GC invocations=8 (full 0):
 garbage-first heap   total 49152K, used 18967K [0x0000000701c00000, 0x0000000800000000)
  region size 2048K, 2 young (4096K), 2 survivors (4096K)
 Metaspace       used 28352K, committed 28800K, reserved 1114112K
  class space    used 3580K, committed 3776K, reserved 1048576K
}
Event: 8.559 GC heap before
{Heap before GC invocations=8 (full 0):
 garbage-first heap   total 49152K, used 39447K [0x0000000701c00000, 0x0000000800000000)
  region size 2048K, 12 young (24576K), 2 survivors (4096K)
 Metaspace       used 32013K, committed 32448K, reserved 1114112K
  class space    used 4126K, committed 4288K, reserved 1048576K
}
Event: 8.566 GC heap after
{Heap after GC invocations=9 (full 0):
 garbage-first heap   total 49152K, used 20929K [0x0000000701c00000, 0x0000000800000000)
  region size 2048K, 2 young (4096K), 2 survivors (4096K)
 Metaspace       used 32013K, committed 32448K, reserved 1114112K
  class space    used 4126K, committed 4288K, reserved 1048576K
}
Event: 9.301 GC heap before
{Heap before GC invocations=9 (full 0):
 garbage-first heap   total 49152K, used 39361K [0x0000000701c00000, 0x0000000800000000)
  region size 2048K, 11 young (22528K), 2 survivors (4096K)
 Metaspace       used 34245K, committed 34816K, reserved 1114112K
  class space    used 4395K, committed 4672K, reserved 1048576K
}
Event: 9.309 GC heap after
{Heap after GC invocations=10 (full 0):
 garbage-first heap   total 49152K, used 22596K [0x0000000701c00000, 0x0000000800000000)
  region size 2048K, 1 young (2048K), 1 survivors (2048K)
 Metaspace       used 34245K, committed 34816K, reserved 1114112K
  class space    used 4395K, committed 4672K, reserved 1048576K
}
Event: 9.579 GC heap before
{Heap before GC invocations=10 (full 0):
 garbage-first heap   total 49152K, used 26692K [0x0000000701c00000, 0x0000000800000000)
  region size 2048K, 4 young (8192K), 1 survivors (2048K)
 Metaspace       used 35416K, committed 35968K, reserved 1114112K
  class space    used 4531K, committed 4800K, reserved 1048576K
}
Event: 9.583 GC heap after
{Heap after GC invocations=11 (full 0):
 garbage-first heap   total 49152K, used 22562K [0x0000000701c00000, 0x0000000800000000)
  region size 2048K, 1 young (2048K), 1 survivors (2048K)
 Metaspace       used 35416K, committed 35968K, reserved 1114112K
  class space    used 4531K, committed 4800K, reserved 1048576K
}
Event: 10.508 GC heap before
{Heap before GC invocations=12 (full 0):
 garbage-first heap   total 49152K, used 40994K [0x0000000701c00000, 0x0000000800000000)
  region size 2048K, 10 young (20480K), 1 survivors (2048K)
 Metaspace       used 39240K, committed 39808K, reserved 1114112K
  class space    used 5147K, committed 5376K, reserved 1048576K
}
Event: 10.513 GC heap after
{Heap after GC invocations=13 (full 0):
 garbage-first heap   total 49152K, used 23476K [0x0000000701c00000, 0x0000000800000000)
  region size 2048K, 2 young (4096K), 2 survivors (4096K)
 Metaspace       used 39240K, committed 39808K, reserved 1114112K
  class space    used 5147K, committed 5376K, reserved 1048576K
}
Event: 11.302 GC heap before
{Heap before GC invocations=13 (full 0):
 garbage-first heap   total 49152K, used 39860K [0x0000000701c00000, 0x0000000800000000)
  region size 2048K, 10 young (20480K), 2 survivors (4096K)
 Metaspace       used 42979K, committed 43520K, reserved 1114112K
  class space    used 5673K, committed 5888K, reserved 1048576K
}
Event: 11.313 GC heap after
{Heap after GC invocations=14 (full 0):
 garbage-first heap   total 49152K, used 24632K [0x0000000701c00000, 0x0000000800000000)
  region size 2048K, 2 young (4096K), 2 survivors (4096K)
 Metaspace       used 42979K, committed 43520K, reserved 1114112K
  class space    used 5673K, committed 5888K, reserved 1048576K
}
Event: 12.386 GC heap before
{Heap before GC invocations=14 (full 0):
 garbage-first heap   total 49152K, used 41016K [0x0000000701c00000, 0x0000000800000000)
  region size 2048K, 10 young (20480K), 2 survivors (4096K)
 Metaspace       used 50109K, committed 50624K, reserved 1114112K
  class space    used 6568K, committed 6784K, reserved 1048576K
}
Event: 12.392 GC heap after
{Heap after GC invocations=15 (full 0):
 garbage-first heap   total 155648K, used 26653K [0x0000000701c00000, 0x0000000800000000)
  region size 2048K, 2 young (4096K), 2 survivors (4096K)
 Metaspace       used 50109K, committed 50624K, reserved 1114112K
  class space    used 6568K, committed 6784K, reserved 1048576K
}

